                                           
-------------------------------------------
  Reading Model...                         
-------------------------------------------
 model file = /home/frederik/Magritte_all/Models/MeshTests/gpu_test_0.hdf5
-------------------------------------------
                                           
-------------------------------------------
  Model read, parameters:                  
-------------------------------------------
  ncells     = 5
  nrays      = 2
  nrays_red  = 1
  nboundary  = 2
  nfreqs     = 1
  nfreqs_red = 1
  nspecs     = 5
  nlspecs    = 1
  nlines     = 1
  nquads     = 1
-------------------------------------------
                                           
ray = 0
ray = 0
ray = 0
ray = 0
ray = 0
ray = 0
