\BOOKMARK [1][-]{section.1}{General}{}% 1
\BOOKMARK [1][-]{section.2}{Assumptions and scales}{}% 2
\BOOKMARK [1][-]{section.3}{Chemistry}{}% 3
\BOOKMARK [1][-]{section.4}{Level populations}{}% 4
\BOOKMARK [2][-]{subsection.4.1}{Line transitions}{section.4}% 5
\BOOKMARK [2][-]{subsection.4.2}{Line profiles}{section.4}% 6
\BOOKMARK [2][-]{subsection.4.3}{Radiative transfer}{section.4}% 7
\BOOKMARK [3][-]{subsubsection.4.3.1}{Components of the radiation field}{subsection.4.3}% 8
\BOOKMARK [3][-]{subsubsection.4.3.2}{Feautrier solution method}{subsection.4.3}% 9
\BOOKMARK [3][-]{subsubsection.4.3.3}{Boundary conditions}{subsection.4.3}% 10
\BOOKMARK [3][-]{subsubsection.4.3.4}{Approximate Lambda Operator}{subsection.4.3}% 11
\BOOKMARK [2][-]{subsection.4.4}{Scattering}{section.4}% 12
\BOOKMARK [1][-]{section.5}{Thermal balance}{}% 13
\BOOKMARK [2][-]{subsection.5.1}{Dust temperature}{section.5}% 14
\BOOKMARK [2][-]{subsection.5.2}{Heating}{section.5}% 15
\BOOKMARK [2][-]{subsection.5.3}{Cooling}{section.5}% 16
\BOOKMARK [3][-]{subsubsection.5.3.1}{Radiative line cooling}{subsection.5.3}% 17
\BOOKMARK [1][-]{section.6}{Applications}{}% 18
\BOOKMARK [2][-]{subsection.6.1}{Stellar winds}{section.6}% 19
\BOOKMARK [2][-]{subsection.6.2}{Supernova remnants}{section.6}% 20
\BOOKMARK [2][-]{subsection.6.3}{CMB cosmology}{section.6}% 21
\BOOKMARK [1][-]{appendix.A}{3D-PDR}{}% 22
\BOOKMARK [2][-]{subsection.A.1}{Sobolev approximation}{appendix.A}% 23
